
> api@1.0.0 dev
> node --watch src/index.js

file:///C:/Users/aldis/Documents/twin-capital/apps/api/src/lib/auth.js:3
import { twoFactor, emailVerification } from 'better-auth/plugins';
                    ^^^^^^^^^^^^^^^^^
SyntaxError: The requested module 'better-auth/plugins' does not provide an export named 'emailVerification'
    at #asyncInstantiate (node:internal/modules/esm/module_job:319:21)
    at process.processTicksAndRejections (node:internal/process/task_queues:104:5)
    at async ModuleJob.run (node:internal/modules/esm/module_job:422:5)
    at async onImport.tracePromise.__proto__ (node:internal/modules/esm/loader:661:26)
    at async asyncRunEntryPointWithESMLoader (node:internal/modules/run_main:101:5)

Node.js v24.14.0
Failed running 'src/index.js'. Waiting for file changes before restarting...
Restarting 'src/index.js'
node:events:486
      throw er; // Unhandled 'error' event
      ^

Error: listen EADDRINUSE: address already in use :::8000
    at Server.setupListenHandle [as _listen2] (node:net:1948:16)
    at listenInCluster (node:net:2005:12)
    at Server.listen (node:net:2110:7)
    at app.listen (C:\Users\aldis\Documents\twin-capital\node_modules\express\lib\application.js:635:24)
    at file:///C:/Users/aldis/Documents/twin-capital/apps/api/src/index.js:40:5
    at ModuleJob.run (node:internal/modules/esm/module_job:430:25)
    at process.processTicksAndRejections (node:internal/process/task_queues:104:5)
    at async onImport.tracePromise.__proto__ (node:internal/modules/esm/loader:661:26)
    at async asyncRunEntryPointWithESMLoader (node:internal/modules/run_main:101:5)
Emitted 'error' event on Server instance at:
    at emitErrorNT (node:net:1984:8)
    at process.processTicksAndRejections (node:internal/process/task_queues:90:21) {
  code: 'EADDRINUSE',
  errno: -4091,
  syscall: 'listen',
  address: '::',
  port: 8000
}

Node.js v24.14.0
Failed running 'src/index.js'. Waiting for file changes before restarting...
Restarting 'src/index.js'

  ΓÜí Twin Capital API running on http://localhost:8000
  ≡ƒôª Auth:    http://localhost:8000/api/auth
  ≡ƒöæ Keys:    http://localhost:8000/api/keys
  Γ¥ñ∩╕Å  Health:  http://localhost:8000/api/health

2026-03-31T17:50:46.476Z ERROR [Better Auth]: Invalid password
2026-03-31T18:00:33.562Z ERROR [Better Auth]: User not found { email: 'verify5@test.com' }
Restarting 'src/index.js'
Restarting 'src/index.js'

  ΓÜí Twin Capital API running on http://localhost:8000
  ≡ƒôª Auth:    http://localhost:8000/api/auth
  ≡ƒöæ Keys:    http://localhost:8000/api/keys
  Γ¥ñ∩╕Å  Health:  http://localhost:8000/api/health

Restarting 'src/index.js'
node:events:486
      throw er; // Unhandled 'error' event
      ^

Error: listen EADDRINUSE: address already in use :::8000
    at Server.setupListenHandle [as _listen2] (node:net:1948:16)
    at listenInCluster (node:net:2005:12)
    at Server.listen (node:net:2110:7)
    at app.listen (C:\Users\aldis\Documents\twin-capital\node_modules\express\lib\application.js:635:24)
    at file:///C:/Users/aldis/Documents/twin-capital/apps/api/src/index.js:40:5
    at ModuleJob.run (node:internal/modules/esm/module_job:430:25)
    at process.processTicksAndRejections (node:internal/process/task_queues:104:5)
    at async onImport.tracePromise.__proto__ (node:internal/modules/esm/loader:661:26)
    at async asyncRunEntryPointWithESMLoader (node:internal/modules/run_main:101:5)
Emitted 'error' event on Server instance at:
    at emitErrorNT (node:net:1984:8)
    at process.processTicksAndRejections (node:internal/process/task_queues:90:21) {
  code: 'EADDRINUSE',
  errno: -4091,
  syscall: 'listen',
  address: '::',
  port: 8000
}

Node.js v24.14.0
Failed running 'src/index.js'. Waiting for file changes before restarting...
Restarting 'src/index.js'
Registered Auth Routes: [
  'signInSocial',
  'callbackOAuth',
  'getSession',
  'signOut',
  'signUpEmail',
  'signInEmail',
  'resetPassword',
  'verifyPassword',
  'verifyEmail',
  'sendVerificationEmail',
  'changeEmail',
  'changePassword',
  'setPassword',
  'updateSession',
  'updateUser',
  'deleteUser',
  'requestPasswordReset',
  'requestPasswordResetCallback',
  'listSessions',
  'revokeSession',
  'revokeSessions',
  'revokeOtherSessions',
  'linkSocialAccount',
  'listUserAccounts',
  'deleteUserCallback',
  'unlinkAccount',
  'refreshToken',
  'getAccessToken',
  'accountInfo',
  'generateTOTP',
  'getTOTPURI',
  'verifyTOTP',
  'sendTwoFactorOTP',
  'verifyTwoFactorOTP',
  'verifyBackupCode',
  'generateBackupCodes',
  'viewBackupCodes',
  'enableTwoFactor',
  'disableTwoFactor',
  'ok',
  'error'
]
node:events:486
      throw er; // Unhandled 'error' event
      ^

Error: listen EADDRINUSE: address already in use :::8000
    at Server.setupListenHandle [as _listen2] (node:net:1948:16)
    at listenInCluster (node:net:2005:12)
    at Server.listen (node:net:2110:7)
    at app.listen (C:\Users\aldis\Documents\twin-capital\node_modules\express\lib\application.js:635:24)
    at file:///C:/Users/aldis/Documents/twin-capital/apps/api/src/index.js:41:5
    at ModuleJob.run (node:internal/modules/esm/module_job:430:25)
    at process.processTicksAndRejections (node:internal/process/task_queues:104:5)
    at async onImport.tracePromise.__proto__ (node:internal/modules/esm/loader:661:26)
    at async asyncRunEntryPointWithESMLoader (node:internal/modules/run_main:101:5)
Emitted 'error' event on Server instance at:
    at emitErrorNT (node:net:1984:8)
    at process.processTicksAndRejections (node:internal/process/task_queues:90:21) {
  code: 'EADDRINUSE',
  errno: -4091,
  syscall: 'listen',
  address: '::',
  port: 8000
}

Node.js v24.14.0
Failed running 'src/index.js'. Waiting for file changes before restarting...
Restarting 'src/index.js'
Registered Auth Routes: [
  'signInSocial',
  'callbackOAuth',
  'getSession',
  'signOut',
  'signUpEmail',
  'signInEmail',
  'resetPassword',
  'verifyPassword',
  'verifyEmail',
  'sendVerificationEmail',
  'changeEmail',
  'changePassword',
  'setPassword',
  'updateSession',
  'updateUser',
  'deleteUser',
  'requestPasswordReset',
  'requestPasswordResetCallback',
  'listSessions',
  'revokeSession',
  'revokeSessions',
  'revokeOtherSessions',
  'linkSocialAccount',
  'listUserAccounts',
  'deleteUserCallback',
  'unlinkAccount',
  'refreshToken',
  'getAccessToken',
  'accountInfo',
  'generateTOTP',
  'getTOTPURI',
  'verifyTOTP',
  'sendTwoFactorOTP',
  'verifyTwoFactorOTP',
  'verifyBackupCode',
  'generateBackupCodes',
  'viewBackupCodes',
  'enableTwoFactor',
  'disableTwoFactor',
  'ok',
  'error'
]
node:events:486
      throw er; // Unhandled 'error' event
      ^

Error: listen EADDRINUSE: address already in use :::8000
    at Server.setupListenHandle [as _listen2] (node:net:1948:16)
    at listenInCluster (node:net:2005:12)
    at Server.listen (node:net:2110:7)
    at app.listen (C:\Users\aldis\Documents\twin-capital\node_modules\express\lib\application.js:635:24)
    at file:///C:/Users/aldis/Documents/twin-capital/apps/api/src/index.js:41:5
    at ModuleJob.run (node:internal/modules/esm/module_job:430:25)
    at process.processTicksAndRejections (node:internal/process/task_queues:104:5)
    at async onImport.tracePromise.__proto__ (node:internal/modules/esm/loader:661:26)
    at async asyncRunEntryPointWithESMLoader (node:internal/modules/run_main:101:5)
Emitted 'error' event on Server instance at:
    at emitErrorNT (node:net:1984:8)
    at process.processTicksAndRejections (node:internal/process/task_queues:90:21) {
  code: 'EADDRINUSE',
  errno: -4091,
  syscall: 'listen',
  address: '::',
  port: 8000
}

Node.js v24.14.0
Failed running 'src/index.js'. Waiting for file changes before restarting...
Restarting 'src/index.js'
Restarting 'src/index.js'
Registered Auth Routes: [
  'signInSocial',
  'callbackOAuth',
  'getSession',
  'signOut',
  'signUpEmail',
  'signInEmail',
  'resetPassword',
  'verifyPassword',
  'verifyEmail',
  'sendVerificationEmail',
  'changeEmail',
  'changePassword',
  'setPassword',
  'updateSession',
  'updateUser',
  'deleteUser',
  'requestPasswordReset',
  'requestPasswordResetCallback',
  'listSessions',
  'revokeSession',
  'revokeSessions',
  'revokeOtherSessions',
  'linkSocialAccount',
  'listUserAccounts',
  'deleteUserCallback',
  'unlinkAccount',
  'refreshToken',
  'getAccessToken',
  'accountInfo',
  'generateTOTP',
  'getTOTPURI',
  'verifyTOTP',
  'sendTwoFactorOTP',
  'verifyTwoFactorOTP',
  'verifyBackupCode',
  'generateBackupCodes',
  'viewBackupCodes',
  'enableTwoFactor',
  'disableTwoFactor',
  'ok',
  'error'
]
node:events:486
      throw er; // Unhandled 'error' event
      ^

Error: listen EADDRINUSE: address already in use :::8000
    at Server.setupListenHandle [as _listen2] (node:net:1948:16)
    at listenInCluster (node:net:2005:12)
    at Server.listen (node:net:2110:7)
    at app.listen (C:\Users\aldis\Documents\twin-capital\node_modules\express\lib\application.js:635:24)
    at file:///C:/Users/aldis/Documents/twin-capital/apps/api/src/index.js:41:5
    at ModuleJob.run (node:internal/modules/esm/module_job:430:25)
    at process.processTicksAndRejections (node:internal/process/task_queues:104:5)
    at async onImport.tracePromise.__proto__ (node:internal/modules/esm/loader:661:26)
    at async asyncRunEntryPointWithESMLoader (node:internal/modules/run_main:101:5)
Emitted 'error' event on Server instance at:
    at emitErrorNT (node:net:1984:8)
    at process.processTicksAndRejections (node:internal/process/task_queues:90:21) {
  code: 'EADDRINUSE',
  errno: -4091,
  syscall: 'listen',
  address: '::',
  port: 8000
}

Node.js v24.14.0
Failed running 'src/index.js'. Waiting for file changes before restarting...
Restarting 'src/index.js'
Registered Auth Routes: [
  'signInSocial',
  'callbackOAuth',
  'getSession',
  'signOut',
  'signUpEmail',
  'signInEmail',
  'resetPassword',
  'verifyPassword',
  'verifyEmail',
  'sendVerificationEmail',
  'changeEmail',
  'changePassword',
  'setPassword',
  'updateSession',
  'updateUser',
  'deleteUser',
  'requestPasswordReset',
  'requestPasswordResetCallback',
  'listSessions',
  'revokeSession',
  'revokeSessions',
  'revokeOtherSessions',
  'linkSocialAccount',
  'listUserAccounts',
  'deleteUserCallback',
  'unlinkAccount',
  'refreshToken',
  'getAccessToken',
  'accountInfo',
  'generateTOTP',
  'getTOTPURI',
  'verifyTOTP',
  'sendTwoFactorOTP',
  'verifyTwoFactorOTP',
  'verifyBackupCode',
  'generateBackupCodes',
  'viewBackupCodes',
  'enableTwoFactor',
  'disableTwoFactor',
  'ok',
  'error'
]
node:events:486
      throw er; // Unhandled 'error' event
      ^

Error: listen EADDRINUSE: address already in use :::8000
    at Server.setupListenHandle [as _listen2] (node:net:1948:16)
    at listenInCluster (node:net:2005:12)
    at Server.listen (node:net:2110:7)
    at app.listen (C:\Users\aldis\Documents\twin-capital\node_modules\express\lib\application.js:635:24)
    at file:///C:/Users/aldis/Documents/twin-capital/apps/api/src/index.js:41:5
    at ModuleJob.run (node:internal/modules/esm/module_job:430:25)
    at process.processTicksAndRejections (node:internal/process/task_queues:104:5)
    at async onImport.tracePromise.__proto__ (node:internal/modules/esm/loader:661:26)
    at async asyncRunEntryPointWithESMLoader (node:internal/modules/run_main:101:5)
Emitted 'error' event on Server instance at:
    at emitErrorNT (node:net:1984:8)
    at process.processTicksAndRejections (node:internal/process/task_queues:90:21) {
  code: 'EADDRINUSE',
  errno: -4091,
  syscall: 'listen',
  address: '::',
  port: 8000
}

Node.js v24.14.0
Failed running 'src/index.js'. Waiting for file changes before restarting...
Restarting 'src/index.js'
file:///C:/Users/aldis/Documents/twin-capital/apps/api/src/index.js:6
app.use(express.json());
^

ReferenceError: app is not defined
    at file:///C:/Users/aldis/Documents/twin-capital/apps/api/src/index.js:6:1
    at ModuleJob.run (node:internal/modules/esm/module_job:430:25)
    at process.processTicksAndRejections (node:internal/process/task_queues:104:5)
    at async onImport.tracePromise.__proto__ (node:internal/modules/esm/loader:661:26)
    at async asyncRunEntryPointWithESMLoader (node:internal/modules/run_main:101:5)

Node.js v24.14.0
Failed running 'src/index.js'. Waiting for file changes before restarting...
Restarting 'src/index.js'
Registered Auth Routes: [
  'signInSocial',
  'callbackOAuth',
  'getSession',
  'signOut',
  'signUpEmail',
  'signInEmail',
  'resetPassword',
  'verifyPassword',
  'verifyEmail',
  'sendVerificationEmail',
  'changeEmail',
  'changePassword',
  'setPassword',
  'updateSession',
  'updateUser',
  'deleteUser',
  'requestPasswordReset',
  'requestPasswordResetCallback',
  'listSessions',
  'revokeSession',
  'revokeSessions',
  'revokeOtherSessions',
  'linkSocialAccount',
  'listUserAccounts',
  'deleteUserCallback',
  'unlinkAccount',
  'refreshToken',
  'getAccessToken',
  'accountInfo',
  'generateTOTP',
  'getTOTPURI',
  'verifyTOTP',
  'sendTwoFactorOTP',
  'verifyTwoFactorOTP',
  'verifyBackupCode',
  'generateBackupCodes',
  'viewBackupCodes',
  'enableTwoFactor',
  'disableTwoFactor',
  'ok',
  'error'
]
node:events:486
      throw er; // Unhandled 'error' event
      ^

Error: listen EADDRINUSE: address already in use :::8000
    at Server.setupListenHandle [as _listen2] (node:net:1948:16)
    at listenInCluster (node:net:2005:12)
    at Server.listen (node:net:2110:7)
    at app.listen (C:\Users\aldis\Documents\twin-capital\node_modules\express\lib\application.js:635:24)
    at file:///C:/Users/aldis/Documents/twin-capital/apps/api/src/index.js:41:5
    at ModuleJob.run (node:internal/modules/esm/module_job:430:25)
    at process.processTicksAndRejections (node:internal/process/task_queues:104:5)
    at async onImport.tracePromise.__proto__ (node:internal/modules/esm/loader:661:26)
    at async asyncRunEntryPointWithESMLoader (node:internal/modules/run_main:101:5)
Emitted 'error' event on Server instance at:
    at emitErrorNT (node:net:1984:8)
    at process.processTicksAndRejections (node:internal/process/task_queues:90:21) {
  code: 'EADDRINUSE',
  errno: -4091,
  syscall: 'listen',
  address: '::',
  port: 8000
}

Node.js v24.14.0
Failed running 'src/index.js'. Waiting for file changes before restarting...
